# JRE version: Java(TM) SE Runtime Environment (8.0_212-b10) (build 1.8.0_212-b10)
# Java VM: Java HotSpot(TM) 64-Bit Server VM (25.212-b10 mixed mode windows-amd64 compressed oops)
Heap:
 PSYoungGen      total 307200K, used 33169K [0x00000000d5f00000, 0x00000000eb200000, 0x0000000100000000)
  eden space 306176K, 10% used [0x00000000d5f00000,0x00000000d7e90558,0x00000000e8a00000)
  from space 1024K, 82% used [0x00000000e9600000,0x00000000e96d4010,0x00000000e9700000)
  to   space 18432K, 0% used [0x00000000ea000000,0x00000000ea000000,0x00000000eb200000)
 ParOldGen       total 121856K, used 29178K [0x0000000081c00000, 0x0000000089300000, 0x00000000d5f00000)
  object space 121856K, 23% used [0x0000000081c00000,0x000000008387e8e0,0x0000000089300000)
 Metaspace       used 58199K, capacity 61178K, committed 61272K, reserved 1101824K
  class space    used 8206K, capacity 8756K, committed 8792K, reserved 1048576K
GC Heap History (10 events):
Event: 316.922 GC heap before
{Heap before GC invocations=14 (full 3):
 PSYoungGen      total 248832K, used 11554K [0x00000000d5f00000, 0x00000000e8b00000, 0x0000000100000000)
  eden space 231424K, 0% used [0x00000000d5f00000,0x00000000d5f00000,0x00000000e4100000)
  from space 17408K, 66% used [0x00000000e4100000,0x00000000e4c48818,0x00000000e5200000)
  to   space 17408K, 0% used [0x00000000e7a00000,0x00000000e7a00000,0x00000000e8b00000)
 ParOldGen       total 88576K, used 27279K [0x0000000081c00000, 0x0000000087280000, 0x00000000d5f00000)
  object space 88576K, 30% used [0x0000000081c00000,0x00000000836a3da0,0x0000000087280000)
 Metaspace       used 56225K, capacity 58978K, committed 59028K, reserved 1099776K
  class space    used 7913K, capacity 8398K, committed 8408K, reserved 1048576K
Event: 317.087 GC heap after
Heap after GC invocations=14 (full 3):
 PSYoungGen      total 248832K, used 0K [0x00000000d5f00000, 0x00000000e8b00000, 0x0000000100000000)
  eden space 231424K, 0% used [0x00000000d5f00000,0x00000000d5f00000,0x00000000e4100000)
  from space 17408K, 0% used [0x00000000e4100000,0x00000000e4100000,0x00000000e5200000)
  to   space 17408K, 0% used [0x00000000e7a00000,0x00000000e7a00000,0x00000000e8b00000)
 ParOldGen       total 121856K, used 29146K [0x0000000081c00000, 0x0000000089300000, 0x00000000d5f00000)
  object space 121856K, 23% used [0x0000000081c00000,0x00000000838768e0,0x0000000089300000)
 Metaspace       used 56225K, capacity 58978K, committed 59028K, reserved 1099776K
  class space    used 7913K, capacity 8398K, committed 8408K, reserved 1048576K
}
Event: 3295.479 GC heap before
{Heap before GC invocations=15 (full 3):
 PSYoungGen      total 248832K, used 231424K [0x00000000d5f00000, 0x00000000e8b00000, 0x0000000100000000)
  eden space 231424K, 100% used [0x00000000d5f00000,0x00000000e4100000,0x00000000e4100000)
  from space 17408K, 0% used [0x00000000e4100000,0x00000000e4100000,0x00000000e5200000)
  to   space 17408K, 0% used [0x00000000e7a00000,0x00000000e7a00000,0x00000000e8b00000)
 ParOldGen       total 121856K, used 29146K [0x0000000081c00000, 0x0000000089300000, 0x00000000d5f00000)
  object space 121856K, 23% used [0x0000000081c00000,0x00000000838768e0,0x0000000089300000)
 Metaspace       used 57938K, capacity 60848K, committed 61016K, reserved 1101824K
  class space    used 8168K, capacity 8667K, committed 8792K, reserved 1048576K
Event: 3295.505 GC heap after
Heap after GC invocations=15 (full 3):
 PSYoungGen      total 289280K, used 2224K [0x00000000d5f00000, 0x00000000e9c80000, 0x0000000100000000)
  eden space 271872K, 0% used [0x00000000d5f00000,0x00000000d5f00000,0x00000000e6880000)
  from space 17408K, 12% used [0x00000000e7a00000,0x00000000e7c2c058,0x00000000e8b00000)
  to   space 17920K, 0% used [0x00000000e6880000,0x00000000e6880000,0x00000000e7a00000)
 ParOldGen       total 121856K, used 29154K [0x0000000081c00000, 0x0000000089300000, 0x00000000d5f00000)
  object space 121856K, 23% used [0x0000000081c00000,0x00000000838788e0,0x0000000089300000)
 Metaspace       used 57938K, capacity 60848K, committed 61016K, reserved 1101824K
  class space    used 8168K, capacity 8667K, committed 8792K, reserved 1048576K
}
Event: 6987.373 GC heap before
{Heap before GC invocations=16 (full 3):
 PSYoungGen      total 289280K, used 274096K [0x00000000d5f00000, 0x00000000e9c80000, 0x0000000100000000)
  eden space 271872K, 100% used [0x00000000d5f00000,0x00000000e6880000,0x00000000e6880000)
  from space 17408K, 12% used [0x00000000e7a00000,0x00000000e7c2c058,0x00000000e8b00000)
  to   space 17920K, 0% used [0x00000000e6880000,0x00000000e6880000,0x00000000e7a00000)
 ParOldGen       total 121856K, used 29154K [0x0000000081c00000, 0x0000000089300000, 0x00000000d5f00000)
  object space 121856K, 23% used [0x0000000081c00000,0x00000000838788e0,0x0000000089300000)
 Metaspace       used 58055K, capacity 60986K, committed 61272K, reserved 1101824K
  class space    used 8186K, capacity 8706K, committed 8792K, reserved 1048576K
Event: 6987.385 GC heap after
Heap after GC invocations=16 (full 3):
 PSYoungGen      total 289792K, used 835K [0x00000000d5f00000, 0x00000000ec380000, 0x0000000100000000)
  eden space 271872K, 0% used [0x00000000d5f00000,0x00000000d5f00000,0x00000000e6880000)
  from space 17920K, 4% used [0x00000000e6880000,0x00000000e6950ec0,0x00000000e7a00000)
  to   space 18432K, 0% used [0x00000000eb180000,0x00000000eb180000,0x00000000ec380000)
 ParOldGen       total 121856K, used 29162K [0x0000000081c00000, 0x0000000089300000, 0x00000000d5f00000)
  object space 121856K, 23% used [0x0000000081c00000,0x000000008387a8e0,0x0000000089300000)
 Metaspace       used 58055K, capacity 60986K, committed 61272K, reserved 1101824K
  class space    used 8186K, capacity 8706K, committed 8792K, reserved 1048576K
}
Event: 10706.364 GC heap before
{Heap before GC invocations=17 (full 3):
 PSYoungGen      total 289792K, used 272707K [0x00000000d5f00000, 0x00000000ec380000, 0x0000000100000000)
  eden space 271872K, 100% used [0x00000000d5f00000,0x00000000e6880000,0x00000000e6880000)
  from space 17920K, 4% used [0x00000000e6880000,0x00000000e6950ec0,0x00000000e7a00000)
  to   space 18432K, 0% used [0x00000000eb180000,0x00000000eb180000,0x00000000ec380000)
 ParOldGen       total 121856K, used 29162K [0x0000000081c00000, 0x0000000089300000, 0x00000000d5f00000)
  object space 121856K, 23% used [0x0000000081c00000,0x000000008387a8e0,0x0000000089300000)
 Metaspace       used 58062K, capacity 60986K, committed 61272K, reserved 1101824K
  class space    used 8186K, capacity 8706K, committed 8792K, reserved 1048576K
Event: 10706.372 GC heap after
Heap after GC invocations=17 (full 3):
 PSYoungGen      total 327168K, used 752K [0x00000000d5f00000, 0x00000000eba00000, 0x0000000100000000)
  eden space 318464K, 0% used [0x00000000d5f00000,0x00000000d5f00000,0x00000000e9600000)
  from space 8704K, 8% used [0x00000000eb180000,0x00000000eb23c010,0x00000000eba00000)
  to   space 18432K, 0% used [0x00000000e9600000,0x00000000e9600000,0x00000000ea800000)
 ParOldGen       total 121856K, used 29170K [0x0000000081c00000, 0x0000000089300000, 0x00000000d5f00000)
  object space 121856K, 23% used [0x0000000081c00000,0x000000008387c8e0,0x0000000089300000)
 Metaspace       used 58062K, capacity 60986K, committed 61272K, reserved 1101824K
  class space    used 8186K, capacity 8706K, committed 8792K, reserved 1048576K
}
Event: 21169.252 GC heap before
{Heap before GC invocations=18 (full 3):
 PSYoungGen      total 327168K, used 319216K [0x00000000d5f00000, 0x00000000eba00000, 0x0000000100000000)
  eden space 318464K, 100% used [0x00000000d5f00000,0x00000000e9600000,0x00000000e9600000)
  from space 8704K, 8% used [0x00000000eb180000,0x00000000eb23c010,0x00000000eba00000)
  to   space 18432K, 0% used [0x00000000e9600000,0x00000000e9600000,0x00000000ea800000)
 ParOldGen       total 121856K, used 29170K [0x0000000081c00000, 0x0000000089300000, 0x00000000d5f00000)
  object space 121856K, 23% used [0x0000000081c00000,0x000000008387c8e0,0x0000000089300000)
 Metaspace       used 58133K, capacity 61124K, committed 61272K, reserved 1101824K
  class space    used 8191K, capacity 8745K, committed 8792K, reserved 1048576K
Event: 21169.264 GC heap after
Heap after GC invocations=18 (full 3):
 PSYoungGen      total 307200K, used 848K [0x00000000d5f00000, 0x00000000eb200000, 0x0000000100000000)
  eden space 306176K, 0% used [0x00000000d5f00000,0x00000000d5f00000,0x00000000e8a00000)
  from space 1024K, 82% used [0x00000000e9600000,0x00000000e96d4010,0x00000000e9700000)
  to   space 18432K, 0% used [0x00000000ea000000,0x00000000ea000000,0x00000000eb200000)
 ParOldGen       total 121856K, used 29178K [0x0000000081c00000, 0x0000000089300000, 0x00000000d5f00000)
  object space 121856K, 23% used [0x0000000081c00000,0x000000008387e8e0,0x0000000089300000)
 Metaspace       used 58133K, capacity 61124K, committed 61272K, reserved 1101824K
  class space    used 8191K, capacity 8745K, committed 8792K, reserved 1048576K
}

