# JRE version: Java(TM) SE Runtime Environment (8.0_212-b10) (build 1.8.0_212-b10)
# Java VM: Java HotSpot(TM) 64-Bit Server VM (25.212-b10 mixed mode windows-amd64 compressed oops)
Heap:
 PSYoungGen      total 243200K, used 29634K [0x00000000d5f00000, 0x00000000e6580000, 0x0000000100000000)
  eden space 233984K, 11% used [0x00000000d5f00000,0x00000000d797e9d0,0x00000000e4380000)
  from space 9216K, 27% used [0x00000000e5c80000,0x00000000e5ef1f50,0x00000000e6580000)
  to   space 17408K, 0% used [0x00000000e4380000,0x00000000e4380000,0x00000000e5480000)
 ParOldGen       total 134144K, used 30007K [0x0000000081c00000, 0x0000000089f00000, 0x00000000d5f00000)
  object space 134144K, 22% used [0x0000000081c00000,0x000000008394dff0,0x0000000089f00000)
 Metaspace       used 59677K, capacity 62924K, committed 62976K, reserved 1103872K
  class space    used 8356K, capacity 8927K, committed 8960K, reserved 1048576K
GC Heap History (10 events):
Event: 8.946 GC heap before
{Heap before GC invocations=13 (full 2):
 PSYoungGen      total 220160K, used 145636K [0x00000000d5f00000, 0x00000000e5180000, 0x0000000100000000)
  eden space 205824K, 63% used [0x00000000d5f00000,0x00000000ddf3ea08,0x00000000e2800000)
  from space 14336K, 99% used [0x00000000e4380000,0x00000000e517a838,0x00000000e5180000)
  to   space 17408K, 0% used [0x00000000e2f80000,0x00000000e2f80000,0x00000000e4080000)
 ParOldGen       total 92672K, used 21540K [0x0000000081c00000, 0x0000000087680000, 0x00000000d5f00000)
  object space 92672K, 23% used [0x0000000081c00000,0x00000000831091c8,0x0000000087680000)
 Metaspace       used 56352K, capacity 59088K, committed 59096K, reserved 1099776K
  class space    used 7845K, capacity 8315K, committed 8320K, reserved 1048576K
Event: 8.962 GC heap after
Heap after GC invocations=13 (full 2):
 PSYoungGen      total 230912K, used 12017K [0x00000000d5f00000, 0x00000000e7a00000, 0x0000000100000000)
  eden space 213504K, 0% used [0x00000000d5f00000,0x00000000d5f00000,0x00000000e2f80000)
  from space 17408K, 69% used [0x00000000e2f80000,0x00000000e3b3c5a8,0x00000000e4080000)
  to   space 17408K, 0% used [0x00000000e6900000,0x00000000e6900000,0x00000000e7a00000)
 ParOldGen       total 92672K, used 26740K [0x0000000081c00000, 0x0000000087680000, 0x00000000d5f00000)
  object space 92672K, 28% used [0x0000000081c00000,0x000000008361d330,0x0000000087680000)
 Metaspace       used 56352K, capacity 59088K, committed 59096K, reserved 1099776K
  class space    used 7845K, capacity 8315K, committed 8320K, reserved 1048576K
}
Event: 8.962 GC heap before
{Heap before GC invocations=14 (full 3):
 PSYoungGen      total 230912K, used 12017K [0x00000000d5f00000, 0x00000000e7a00000, 0x0000000100000000)
  eden space 213504K, 0% used [0x00000000d5f00000,0x00000000d5f00000,0x00000000e2f80000)
  from space 17408K, 69% used [0x00000000e2f80000,0x00000000e3b3c5a8,0x00000000e4080000)
  to   space 17408K, 0% used [0x00000000e6900000,0x00000000e6900000,0x00000000e7a00000)
 ParOldGen       total 92672K, used 26740K [0x0000000081c00000, 0x0000000087680000, 0x00000000d5f00000)
  object space 92672K, 28% used [0x0000000081c00000,0x000000008361d330,0x0000000087680000)
 Metaspace       used 56352K, capacity 59088K, committed 59096K, reserved 1099776K
  class space    used 7845K, capacity 8315K, committed 8320K, reserved 1048576K
Event: 9.136 GC heap after
Heap after GC invocations=14 (full 3):
 PSYoungGen      total 230912K, used 0K [0x00000000d5f00000, 0x00000000e7a00000, 0x0000000100000000)
  eden space 213504K, 0% used [0x00000000d5f00000,0x00000000d5f00000,0x00000000e2f80000)
  from space 17408K, 0% used [0x00000000e2f80000,0x00000000e2f80000,0x00000000e4080000)
  to   space 17408K, 0% used [0x00000000e6900000,0x00000000e6900000,0x00000000e7a00000)
 ParOldGen       total 134144K, used 29983K [0x0000000081c00000, 0x0000000089f00000, 0x00000000d5f00000)
  object space 134144K, 22% used [0x0000000081c00000,0x0000000083947ff0,0x0000000089f00000)
 Metaspace       used 56352K, capacity 59088K, committed 59096K, reserved 1099776K
  class space    used 7845K, capacity 8315K, committed 8320K, reserved 1048576K
}
Event: 2161.558 GC heap before
{Heap before GC invocations=15 (full 3):
 PSYoungGen      total 230912K, used 213504K [0x00000000d5f00000, 0x00000000e7a00000, 0x0000000100000000)
  eden space 213504K, 100% used [0x00000000d5f00000,0x00000000e2f80000,0x00000000e2f80000)
  from space 17408K, 0% used [0x00000000e2f80000,0x00000000e2f80000,0x00000000e4080000)
  to   space 17408K, 0% used [0x00000000e6900000,0x00000000e6900000,0x00000000e7a00000)
 ParOldGen       total 134144K, used 29983K [0x0000000081c00000, 0x0000000089f00000, 0x00000000d5f00000)
  object space 134144K, 22% used [0x0000000081c00000,0x0000000083947ff0,0x0000000089f00000)
 Metaspace       used 58990K, capacity 61986K, committed 62080K, reserved 1101824K
  class space    used 8245K, capacity 8772K, committed 8832K, reserved 1048576K
Event: 2161.569 GC heap after
Heap after GC invocations=15 (full 3):
 PSYoungGen      total 264192K, used 4437K [0x00000000d5f00000, 0x00000000e7600000, 0x0000000100000000)
  eden space 250880K, 0% used [0x00000000d5f00000,0x00000000d5f00000,0x00000000e5400000)
  from space 13312K, 33% used [0x00000000e6900000,0x00000000e6d556e8,0x00000000e7600000)
  to   space 17408K, 0% used [0x00000000e5400000,0x00000000e5400000,0x00000000e6500000)
 ParOldGen       total 134144K, used 29991K [0x0000000081c00000, 0x0000000089f00000, 0x00000000d5f00000)
  object space 134144K, 22% used [0x0000000081c00000,0x0000000083949ff0,0x0000000089f00000)
 Metaspace       used 58990K, capacity 61986K, committed 62080K, reserved 1101824K
  class space    used 8245K, capacity 8772K, committed 8832K, reserved 1048576K
}
Event: 5581.785 GC heap before
{Heap before GC invocations=16 (full 3):
 PSYoungGen      total 264192K, used 255317K [0x00000000d5f00000, 0x00000000e7600000, 0x0000000100000000)
  eden space 250880K, 100% used [0x00000000d5f00000,0x00000000e5400000,0x00000000e5400000)
  from space 13312K, 33% used [0x00000000e6900000,0x00000000e6d556e8,0x00000000e7600000)
  to   space 17408K, 0% used [0x00000000e5400000,0x00000000e5400000,0x00000000e6500000)
 ParOldGen       total 134144K, used 29991K [0x0000000081c00000, 0x0000000089f00000, 0x00000000d5f00000)
  object space 134144K, 22% used [0x0000000081c00000,0x0000000083949ff0,0x0000000089f00000)
 Metaspace       used 59567K, capacity 62684K, committed 62976K, reserved 1103872K
  class space    used 8330K, capacity 8887K, committed 8960K, reserved 1048576K
Event: 5581.790 GC heap after
Heap after GC invocations=16 (full 3):
 PSYoungGen      total 245248K, used 2932K [0x00000000d5f00000, 0x00000000e6d80000, 0x0000000100000000)
  eden space 242176K, 0% used [0x00000000d5f00000,0x00000000d5f00000,0x00000000e4b80000)
  from space 3072K, 95% used [0x00000000e5400000,0x00000000e56dd138,0x00000000e5700000)
  to   space 17408K, 0% used [0x00000000e5c80000,0x00000000e5c80000,0x00000000e6d80000)
 ParOldGen       total 134144K, used 29999K [0x0000000081c00000, 0x0000000089f00000, 0x00000000d5f00000)
  object space 134144K, 22% used [0x0000000081c00000,0x000000008394bff0,0x0000000089f00000)
 Metaspace       used 59567K, capacity 62684K, committed 62976K, reserved 1103872K
  class space    used 8330K, capacity 8887K, committed 8960K, reserved 1048576K
}
Event: 8879.750 GC heap before
{Heap before GC invocations=17 (full 3):
 PSYoungGen      total 245248K, used 245108K [0x00000000d5f00000, 0x00000000e6d80000, 0x0000000100000000)
  eden space 242176K, 100% used [0x00000000d5f00000,0x00000000e4b80000,0x00000000e4b80000)
  from space 3072K, 95% used [0x00000000e5400000,0x00000000e56dd138,0x00000000e5700000)
  to   space 17408K, 0% used [0x00000000e5c80000,0x00000000e5c80000,0x00000000e6d80000)
 ParOldGen       total 134144K, used 29999K [0x0000000081c00000, 0x0000000089f00000, 0x00000000d5f00000)
  object space 134144K, 22% used [0x0000000081c00000,0x000000008394bff0,0x0000000089f00000)
 Metaspace       used 59674K, capacity 62918K, committed 62976K, reserved 1103872K
  class space    used 8355K, capacity 8926K, committed 8960K, reserved 1048576K
Event: 8879.767 GC heap after
Heap after GC invocations=17 (full 3):
 PSYoungGen      total 243200K, used 2503K [0x00000000d5f00000, 0x00000000e6580000, 0x0000000100000000)
  eden space 233984K, 0% used [0x00000000d5f00000,0x00000000d5f00000,0x00000000e4380000)
  from space 9216K, 27% used [0x00000000e5c80000,0x00000000e5ef1f50,0x00000000e6580000)
  to   space 17408K, 0% used [0x00000000e4380000,0x00000000e4380000,0x00000000e5480000)
 ParOldGen       total 134144K, used 30007K [0x0000000081c00000, 0x0000000089f00000, 0x00000000d5f00000)
  object space 134144K, 22% used [0x0000000081c00000,0x000000008394dff0,0x0000000089f00000)
 Metaspace       used 59674K, capacity 62918K, committed 62976K, reserved 1103872K
  class space    used 8355K, capacity 8926K, committed 8960K, reserved 1048576K
}

